2026-06-03 19:16:12 | INFO | app.main | Database tables verified/created
2026-06-03 19:16:12 | INFO | app.main | EcommerceCartAPI v1.0.0 started
2026-06-03 19:16:18 | INFO | app.main | Database tables verified/created
2026-06-03 19:16:18 | INFO | app.main | EcommerceCartAPI v1.0.0 started
2026-06-03 19:16:21 | INFO | app.middleware.logging_middleware | → REQUEST  GET /
2026-06-03 19:16:21 | INFO | app.middleware.logging_middleware | ← RESPONSE GET / status=200 duration=60.84ms
2026-06-03 19:29:17 | INFO | app.main | Database tables verified/created
2026-06-03 19:29:17 | INFO | app.main | EcommerceCartAPI v1.0.0 started
2026-06-03 19:29:42 | INFO | app.main | Database tables verified/created
2026-06-03 19:29:42 | INFO | app.main | EcommerceCartAPI v1.0.0 started
2026-06-03 19:29:46 | INFO | app.middleware.logging_middleware | --> REQUEST  GET /
2026-06-03 19:29:46 | INFO | app.middleware.logging_middleware | <-- RESPONSE GET / status=200 duration=11.31ms
2026-06-03 19:29:46 | INFO | app.middleware.logging_middleware | --> REQUEST  POST /api/v1/users/
2026-06-03 19:29:46 | INFO | app.repositories.user_repository | User created | user_id=4 email=test@example.com
2026-06-03 19:29:46 | INFO | app.middleware.logging_middleware | <-- RESPONSE POST /api/v1/users/ status=201 duration=27.4ms
2026-06-03 19:29:46 | INFO | app.middleware.logging_middleware | --> REQUEST  GET /api/v1/users/1
2026-06-03 19:29:46 | INFO | app.middleware.logging_middleware | <-- RESPONSE GET /api/v1/users/1 status=200 duration=3.31ms
2026-06-03 19:29:46 | INFO | app.middleware.logging_middleware | --> REQUEST  GET /api/v1/products/
2026-06-03 19:29:46 | INFO | app.middleware.logging_middleware | <-- RESPONSE GET /api/v1/products/ status=200 duration=16.68ms
2026-06-03 19:29:46 | INFO | app.middleware.logging_middleware | --> REQUEST  POST /api/v1/products/
2026-06-03 19:29:46 | INFO | app.repositories.product_repository | Product created | product_id=4 name=Test Product
2026-06-03 19:29:46 | INFO | app.middleware.logging_middleware | <-- RESPONSE POST /api/v1/products/ status=201 duration=8.97ms
2026-06-03 19:29:46 | INFO | app.middleware.logging_middleware | --> REQUEST  POST /api/v1/products/1/variants
2026-06-03 19:29:46 | INFO | app.repositories.product_repository | Variant created | variant_id=6 sku=TEST-SKU-001
2026-06-03 19:29:46 | INFO | app.middleware.logging_middleware | <-- RESPONSE POST /api/v1/products/1/variants status=201 duration=40.16ms
2026-06-03 19:29:46 | INFO | app.middleware.logging_middleware | --> REQUEST  GET /api/v1/products/1
2026-06-03 19:29:47 | INFO | app.middleware.logging_middleware | <-- RESPONSE GET /api/v1/products/1 status=200 duration=16.97ms
2026-06-03 19:29:47 | INFO | app.middleware.logging_middleware | --> REQUEST  GET /api/v1/products/variants/1
2026-06-03 19:29:47 | INFO | app.middleware.logging_middleware | <-- RESPONSE GET /api/v1/products/variants/1 status=200 duration=4.9ms
2026-06-03 19:34:25 | INFO | app.middleware.logging_middleware | --> REQUEST  POST /api/v1/carts/
2026-06-03 19:34:25 | INFO | app.services.cart_service | Creating cart for user_id=1
2026-06-03 19:34:25 | ERROR | app.exceptions.handlers | Unhandled exception: (pymysql.err.OperationalError) (1054, "Unknown column 'status' in 'field list'")
[SQL: INSERT INTO carts (user_id, discount, status) VALUES (%(user_id)s, %(discount)s, %(status)s)]
[parameters: {'user_id': 1, 'discount': 10.0, 'status': <CartStatus.ACTIVE: 'ACTIVE'>}]
(Background on this error at: https://sqlalche.me/e/20/e3q8)
Traceback (most recent call last):
  File "C:\Users\Husnain\Desktop\cart crud\venv\Lib\site-packages\sqlalchemy\engine\base.py", line 1969, in _exec_single_context
    self.dialect.do_execute(
    ~~~~~~~~~~~~~~~~~~~~~~~^
        cursor, str_statement, effective_parameters, context
        ^^^^^^^^^^^^^^^^^^^^^^^^^^^^^^^^^^^^^^^^^^^^^^^^^^^^
    )
    ^
  File "C:\Users\Husnain\Desktop\cart crud\venv\Lib\site-packages\sqlalchemy\engine\default.py", line 952, in do_execute
    cursor.execute(statement, parameters)
    ~~~~~~~~~~~~~~^^^^^^^^^^^^^^^^^^^^^^^
  File "C:\Users\Husnain\Desktop\cart crud\venv\Lib\site-packages\pymysql\cursors.py", line 159, in execute
    result = self._query(query)
  File "C:\Users\Husnain\Desktop\cart crud\venv\Lib\site-packages\pymysql\cursors.py", line 330, in _query
    conn.query(q)
    ~~~~~~~~~~^^^
  File "C:\Users\Husnain\Desktop\cart crud\venv\Lib\site-packages\pymysql\connections.py", line 582, in query
    self._affected_rows = self._read_query_result(unbuffered=unbuffered)
                          ~~~~~~~~~~~~~~~~~~~~~~~^^^^^^^^^^^^^^^^^^^^^^^
  File "C:\Users\Husnain\Desktop\cart crud\venv\Lib\site-packages\pymysql\connections.py", line 847, in _read_query_result
    result.read()
    ~~~~~~~~~~~^^
  File "C:\Users\Husnain\Desktop\cart crud\venv\Lib\site-packages\pymysql\connections.py", line 1245, in read
    first_packet = self.connection._read_packet()
  File "C:\Users\Husnain\Desktop\cart crud\venv\Lib\site-packages\pymysql\connections.py", line 803, in _read_packet
    packet.raise_for_error()
    ~~~~~~~~~~~~~~~~~~~~~~^^
  File "C:\Users\Husnain\Desktop\cart crud\venv\Lib\site-packages\pymysql\protocol.py", line 219, in raise_for_error
    err.raise_mysql_exception(self._data)
    ~~~~~~~~~~~~~~~~~~~~~~~~~^^^^^^^^^^^^
  File "C:\Users\Husnain\Desktop\cart crud\venv\Lib\site-packages\pymysql\err.py", line 154, in raise_mysql_exception
    raise errorclass(errno, errval, sqlstate=sqlstate)
pymysql.err.OperationalError: (1054, "Unknown column 'status' in 'field list'")

The above exception was the direct cause of the following exception:

Traceback (most recent call last):
  File "C:\Users\Husnain\Desktop\cart crud\venv\Lib\site-packages\starlette\middleware\errors.py", line 164, in __call__
    await self.app(scope, receive, _send)
  File "C:\Users\Husnain\Desktop\cart crud\venv\Lib\site-packages\starlette\middleware\base.py", line 191, in __call__
    with recv_stream, send_stream, collapse_excgroups():
                                   ~~~~~~~~~~~~~~~~~~^^
  File "C:\Users\Husnain\AppData\Local\Python\pythoncore-3.14-64\Lib\contextlib.py", line 162, in __exit__
    self.gen.throw(value)
    ~~~~~~~~~~~~~~^^^^^^^
  File "C:\Users\Husnain\Desktop\cart crud\venv\Lib\site-packages\starlette\_utils.py", line 87, in collapse_excgroups
    raise exc
  File "C:\Users\Husnain\Desktop\cart crud\venv\Lib\site-packages\starlette\middleware\base.py", line 193, in __call__
    response = await self.dispatch_func(request, call_next)
               ^^^^^^^^^^^^^^^^^^^^^^^^^^^^^^^^^^^^^^^^^^^^
  File "C:\Users\Husnain\Desktop\cart crud\app\middleware\logging_middleware.py", line 25, in dispatch
    response = await call_next(request)
               ^^^^^^^^^^^^^^^^^^^^^^^^
  File "C:\Users\Husnain\Desktop\cart crud\venv\Lib\site-packages\starlette\middleware\base.py", line 168, in call_next
    raise app_exc from app_exc.__cause__ or app_exc.__context__
  File "C:\Users\Husnain\Desktop\cart crud\venv\Lib\site-packages\starlette\middleware\base.py", line 144, in coro
    await self.app(scope, receive_or_disconnect, send_no_error)
  File "C:\Users\Husnain\Desktop\cart crud\venv\Lib\site-packages\starlette\middleware\exceptions.py", line 63, in __call__
    await wrap_app_handling_exceptions(self.app, conn)(scope, receive, send)
  File "C:\Users\Husnain\Desktop\cart crud\venv\Lib\site-packages\starlette\_exception_handler.py", line 53, in wrapped_app
    raise exc
  File "C:\Users\Husnain\Desktop\cart crud\venv\Lib\site-packages\starlette\_exception_handler.py", line 42, in wrapped_app
    await app(scope, receive, sender)
  File "C:\Users\Husnain\Desktop\cart crud\venv\Lib\site-packages\fastapi\middleware\asyncexitstack.py", line 18, in __call__
    await self.app(scope, receive, send)
  File "C:\Users\Husnain\Desktop\cart crud\venv\Lib\site-packages\starlette\routing.py", line 660, in __call__
    await self.middleware_stack(scope, receive, send)
  File "C:\Users\Husnain\Desktop\cart crud\venv\Lib\site-packages\starlette\routing.py", line 680, in app
    await route.handle(scope, receive, send)
  File "C:\Users\Husnain\Desktop\cart crud\venv\Lib\site-packages\starlette\routing.py", line 276, in handle
    await self.app(scope, receive, send)
  File "C:\Users\Husnain\Desktop\cart crud\venv\Lib\site-packages\fastapi\routing.py", line 134, in app
    await wrap_app_handling_exceptions(app, request)(scope, receive, send)
  File "C:\Users\Husnain\Desktop\cart crud\venv\Lib\site-packages\starlette\_exception_handler.py", line 53, in wrapped_app
    raise exc
  File "C:\Users\Husnain\Desktop\cart crud\venv\Lib\site-packages\starlette\_exception_handler.py", line 42, in wrapped_app
    await app(scope, receive, sender)
  File "C:\Users\Husnain\Desktop\cart crud\venv\Lib\site-packages\fastapi\routing.py", line 120, in app
    response = await f(request)
               ^^^^^^^^^^^^^^^^
  File "C:\Users\Husnain\Desktop\cart crud\venv\Lib\site-packages\fastapi\routing.py", line 674, in app
    raw_response = await run_endpoint_function(
                   ^^^^^^^^^^^^^^^^^^^^^^^^^^^^
    ...<3 lines>...
    )
    ^
  File "C:\Users\Husnain\Desktop\cart crud\venv\Lib\site-packages\fastapi\routing.py", line 330, in run_endpoint_function
    return await run_in_threadpool(dependant.call, **values)
           ^^^^^^^^^^^^^^^^^^^^^^^^^^^^^^^^^^^^^^^^^^^^^^^^^
  File "C:\Users\Husnain\Desktop\cart crud\venv\Lib\site-packages\starlette\concurrency.py", line 32, in run_in_threadpool
    return await anyio.to_thread.run_sync(func)
           ^^^^^^^^^^^^^^^^^^^^^^^^^^^^^^^^^^^^
  File "C:\Users\Husnain\Desktop\cart crud\venv\Lib\site-packages\anyio\to_thread.py", line 63, in run_sync
    return await get_async_backend().run_sync_in_worker_thread(
           ^^^^^^^^^^^^^^^^^^^^^^^^^^^^^^^^^^^^^^^^^^^^^^^^^^^^
        func, args, abandon_on_cancel=abandon_on_cancel, limiter=limiter
        ^^^^^^^^^^^^^^^^^^^^^^^^^^^^^^^^^^^^^^^^^^^^^^^^^^^^^^^^^^^^^^^^
    )
    ^
  File "C:\Users\Husnain\Desktop\cart crud\venv\Lib\site-packages\anyio\_backends\_asyncio.py", line 2518, in run_sync_in_worker_thread
    return await future
           ^^^^^^^^^^^^
  File "C:\Users\Husnain\Desktop\cart crud\venv\Lib\site-packages\anyio\_backends\_asyncio.py", line 1002, in run
    result = context.run(func, *args)
  File "C:\Users\Husnain\Desktop\cart crud\app\api\v1\cart_router.py", line 32, in create_cart
    return service.create_cart(payload)
           ~~~~~~~~~~~~~~~~~~~^^^^^^^^^
  File "C:\Users\Husnain\Desktop\cart crud\app\services\cart_service.py", line 63, in create_cart
    cart = self.repo.create_cart(
        user_id=payload.user_id, discount=payload.discount
    )
  File "C:\Users\Husnain\Desktop\cart crud\app\repositories\cart_repository.py", line 28, in create_cart
    self.db.commit()
    ~~~~~~~~~~~~~~^^
  File "C:\Users\Husnain\Desktop\cart crud\venv\Lib\site-packages\sqlalchemy\orm\session.py", line 2034, in commit
    trans.commit(_to_root=True)
    ~~~~~~~~~~~~^^^^^^^^^^^^^^^
  File "<string>", line 2, in commit
  File "C:\Users\Husnain\Desktop\cart crud\venv\Lib\site-packages\sqlalchemy\orm\state_changes.py", line 137, in _go
    ret_value = fn(self, *arg, **kw)
  File "C:\Users\Husnain\Desktop\cart crud\venv\Lib\site-packages\sqlalchemy\orm\session.py", line 1315, in commit
    self._prepare_impl()
    ~~~~~~~~~~~~~~~~~~^^
  File "<string>", line 2, in _prepare_impl
  File "C:\Users\Husnain\Desktop\cart crud\venv\Lib\site-packages\sqlalchemy\orm\state_changes.py", line 137, in _go
    ret_value = fn(self, *arg, **kw)
  File "C:\Users\Husnain\Desktop\cart crud\venv\Lib\site-packages\sqlalchemy\orm\session.py", line 1290, in _prepare_impl
    self.session.flush()
    ~~~~~~~~~~~~~~~~~~^^
  File "C:\Users\Husnain\Desktop\cart crud\venv\Lib\site-packages\sqlalchemy\orm\session.py", line 4352, in flush
    self._flush(objects)
    ~~~~~~~~~~~^^^^^^^^^
  File "C:\Users\Husnain\Desktop\cart crud\venv\Lib\site-packages\sqlalchemy\orm\session.py", line 4487, in _flush
    with util.safe_reraise():
         ~~~~~~~~~~~~~~~~~^^
  File "C:\Users\Husnain\Desktop\cart crud\venv\Lib\site-packages\sqlalchemy\util\langhelpers.py", line 122, in __exit__
    raise exc_value.with_traceback(exc_tb)
  File "C:\Users\Husnain\Desktop\cart crud\venv\Lib\site-packages\sqlalchemy\orm\session.py", line 4448, in _flush
    flush_context.execute()
    ~~~~~~~~~~~~~~~~~~~~~^^
  File "C:\Users\Husnain\Desktop\cart crud\venv\Lib\site-packages\sqlalchemy\orm\unitofwork.py", line 465, in execute
    rec.execute(self)
    ~~~~~~~~~~~^^^^^^
  File "C:\Users\Husnain\Desktop\cart crud\venv\Lib\site-packages\sqlalchemy\orm\unitofwork.py", line 641, in execute
    util.preloaded.orm_persistence.save_obj(
    ~~~~~~~~~~~~~~~~~~~~~~~~~~~~~~~~~~~~~~~^
        self.mapper,
        ^^^^^^^^^^^^
        uow.states_for_mapper_hierarchy(self.mapper, False, False),
        ^^^^^^^^^^^^^^^^^^^^^^^^^^^^^^^^^^^^^^^^^^^^^^^^^^^^^^^^^^^
        uow,
        ^^^^
    )
    ^
  File "C:\Users\Husnain\Desktop\cart crud\venv\Lib\site-packages\sqlalchemy\orm\persistence.py", line 94, in save_obj
    _emit_insert_statements(
    ~~~~~~~~~~~~~~~~~~~~~~~^
        base_mapper,
        ^^^^^^^^^^^^
    ...<3 lines>...
        insert,
        ^^^^^^^
    )
    ^
  File "C:\Users\Husnain\Desktop\cart crud\venv\Lib\site-packages\sqlalchemy\orm\persistence.py", line 1234, in _emit_insert_statements
    result = connection.execute(
        statement,
        params,
        execution_options=execution_options,
    )
  File "C:\Users\Husnain\Desktop\cart crud\venv\Lib\site-packages\sqlalchemy\engine\base.py", line 1421, in execute
    return meth(
        self,
        distilled_parameters,
        execution_options or NO_OPTIONS,
    )
  File "C:\Users\Husnain\Desktop\cart crud\venv\Lib\site-packages\sqlalchemy\sql\elements.py", line 526, in _execute_on_connection
    return connection._execute_clauseelement(
           ~~~~~~~~~~~~~~~~~~~~~~~~~~~~~~~~~^
        self, distilled_params, execution_options
        ^^^^^^^^^^^^^^^^^^^^^^^^^^^^^^^^^^^^^^^^^
    )
    ^
  File "C:\Users\Husnain\Desktop\cart crud\venv\Lib\site-packages\sqlalchemy\engine\base.py", line 1643, in _execute_clauseelement
    ret = self._execute_context(
        dialect,
    ...<8 lines>...
        cache_hit=cache_hit,
    )
  File "C:\Users\Husnain\Desktop\cart crud\venv\Lib\site-packages\sqlalchemy\engine\base.py", line 1848, in _execute_context
    return self._exec_single_context(
           ~~~~~~~~~~~~~~~~~~~~~~~~~^
        dialect, context, statement, parameters
        ^^^^^^^^^^^^^^^^^^^^^^^^^^^^^^^^^^^^^^^
    )
    ^
  File "C:\Users\Husnain\Desktop\cart crud\venv\Lib\site-packages\sqlalchemy\engine\base.py", line 1988, in _exec_single_context
    self._handle_dbapi_exception(
    ~~~~~~~~~~~~~~~~~~~~~~~~~~~~^
        e, str_statement, effective_parameters, cursor, context
        ^^^^^^^^^^^^^^^^^^^^^^^^^^^^^^^^^^^^^^^^^^^^^^^^^^^^^^^
    )
    ^
  File "C:\Users\Husnain\Desktop\cart crud\venv\Lib\site-packages\sqlalchemy\engine\base.py", line 2365, in _handle_dbapi_exception
    raise sqlalchemy_exception.with_traceback(exc_info[2]) from e
  File "C:\Users\Husnain\Desktop\cart crud\venv\Lib\site-packages\sqlalchemy\engine\base.py", line 1969, in _exec_single_context
    self.dialect.do_execute(
    ~~~~~~~~~~~~~~~~~~~~~~~^
        cursor, str_statement, effective_parameters, context
        ^^^^^^^^^^^^^^^^^^^^^^^^^^^^^^^^^^^^^^^^^^^^^^^^^^^^
    )
    ^
  File "C:\Users\Husnain\Desktop\cart crud\venv\Lib\site-packages\sqlalchemy\engine\default.py", line 952, in do_execute
    cursor.execute(statement, parameters)
    ~~~~~~~~~~~~~~^^^^^^^^^^^^^^^^^^^^^^^
  File "C:\Users\Husnain\Desktop\cart crud\venv\Lib\site-packages\pymysql\cursors.py", line 159, in execute
    result = self._query(query)
  File "C:\Users\Husnain\Desktop\cart crud\venv\Lib\site-packages\pymysql\cursors.py", line 330, in _query
    conn.query(q)
    ~~~~~~~~~~^^^
  File "C:\Users\Husnain\Desktop\cart crud\venv\Lib\site-packages\pymysql\connections.py", line 582, in query
    self._affected_rows = self._read_query_result(unbuffered=unbuffered)
                          ~~~~~~~~~~~~~~~~~~~~~~~^^^^^^^^^^^^^^^^^^^^^^^
  File "C:\Users\Husnain\Desktop\cart crud\venv\Lib\site-packages\pymysql\connections.py", line 847, in _read_query_result
    result.read()
    ~~~~~~~~~~~^^
  File "C:\Users\Husnain\Desktop\cart crud\venv\Lib\site-packages\pymysql\connections.py", line 1245, in read
    first_packet = self.connection._read_packet()
  File "C:\Users\Husnain\Desktop\cart crud\venv\Lib\site-packages\pymysql\connections.py", line 803, in _read_packet
    packet.raise_for_error()
    ~~~~~~~~~~~~~~~~~~~~~~^^
  File "C:\Users\Husnain\Desktop\cart crud\venv\Lib\site-packages\pymysql\protocol.py", line 219, in raise_for_error
    err.raise_mysql_exception(self._data)
    ~~~~~~~~~~~~~~~~~~~~~~~~~^^^^^^^^^^^^
  File "C:\Users\Husnain\Desktop\cart crud\venv\Lib\site-packages\pymysql\err.py", line 154, in raise_mysql_exception
    raise errorclass(errno, errval, sqlstate=sqlstate)
sqlalchemy.exc.OperationalError: (pymysql.err.OperationalError) (1054, "Unknown column 'status' in 'field list'")
[SQL: INSERT INTO carts (user_id, discount, status) VALUES (%(user_id)s, %(discount)s, %(status)s)]
[parameters: {'user_id': 1, 'discount': 10.0, 'status': <CartStatus.ACTIVE: 'ACTIVE'>}]
(Background on this error at: https://sqlalche.me/e/20/e3q8)
2026-06-03 19:34:26 | INFO | app.middleware.logging_middleware | --> REQUEST  GET /api/v1/carts/1
2026-06-03 19:34:26 | ERROR | app.exceptions.handlers | Unhandled exception: (pymysql.err.OperationalError) (1054, "Unknown column 'carts.status' in 'field list'")
[SQL: SELECT anon_1.carts_id AS anon_1_carts_id, anon_1.carts_user_id AS anon_1_carts_user_id, anon_1.carts_discount AS anon_1_carts_discount, anon_1.carts_status AS anon_1_carts_status, users_1.id AS users_1_id, users_1.email AS users_1_email, users_1.password_hash AS users_1_password_hash, users_1.name AS users_1_name, products_1.id AS products_1_id, products_1.name AS products_1_name, products_1.description AS products_1_description, products_1.brand AS products_1_brand, product_variants_1.id AS product_variants_1_id, product_variants_1.product_id AS product_variants_1_product_id, product_variants_1.sku AS product_variants_1_sku, product_variants_1.price AS product_variants_1_price, product_variants_1.currency AS product_variants_1_currency, product_variants_1.inventory_qty AS product_variants_1_inventory_qty, cart_items_1.id AS cart_items_1_id, cart_items_1.cart_id AS cart_items_1_cart_id, cart_items_1.product_variant_id AS cart_items_1_product_variant_id, cart_items_1.quantity AS cart_items_1_quantity, cart_items_1.unit_price AS cart_items_1_unit_price, cart_items_1.currency AS cart_items_1_currency 
FROM (SELECT carts.id AS carts_id, carts.user_id AS carts_user_id, carts.discount AS carts_discount, carts.status AS carts_status 
FROM carts 
WHERE carts.id = %(id_1)s 
 LIMIT %(param_1)s) AS anon_1 LEFT OUTER JOIN users AS users_1 ON users_1.id = anon_1.carts_user_id LEFT OUTER JOIN cart_items AS cart_items_1 ON anon_1.carts_id = cart_items_1.cart_id LEFT OUTER JOIN product_variants AS product_variants_1 ON product_variants_1.id = cart_items_1.product_variant_id LEFT OUTER JOIN products AS products_1 ON products_1.id = product_variants_1.product_id]
[parameters: {'id_1': 1, 'param_1': 1}]
(Background on this error at: https://sqlalche.me/e/20/e3q8)
Traceback (most recent call last):
  File "C:\Users\Husnain\Desktop\cart crud\venv\Lib\site-packages\sqlalchemy\engine\base.py", line 1969, in _exec_single_context
    self.dialect.do_execute(
    ~~~~~~~~~~~~~~~~~~~~~~~^
        cursor, str_statement, effective_parameters, context
        ^^^^^^^^^^^^^^^^^^^^^^^^^^^^^^^^^^^^^^^^^^^^^^^^^^^^
    )
    ^
  File "C:\Users\Husnain\Desktop\cart crud\venv\Lib\site-packages\sqlalchemy\engine\default.py", line 952, in do_execute
    cursor.execute(statement, parameters)
    ~~~~~~~~~~~~~~^^^^^^^^^^^^^^^^^^^^^^^
  File "C:\Users\Husnain\Desktop\cart crud\venv\Lib\site-packages\pymysql\cursors.py", line 159, in execute
    result = self._query(query)
  File "C:\Users\Husnain\Desktop\cart crud\venv\Lib\site-packages\pymysql\cursors.py", line 330, in _query
    conn.query(q)
    ~~~~~~~~~~^^^
  File "C:\Users\Husnain\Desktop\cart crud\venv\Lib\site-packages\pymysql\connections.py", line 582, in query
    self._affected_rows = self._read_query_result(unbuffered=unbuffered)
                          ~~~~~~~~~~~~~~~~~~~~~~~^^^^^^^^^^^^^^^^^^^^^^^
  File "C:\Users\Husnain\Desktop\cart crud\venv\Lib\site-packages\pymysql\connections.py", line 847, in _read_query_result
    result.read()
    ~~~~~~~~~~~^^
  File "C:\Users\Husnain\Desktop\cart crud\venv\Lib\site-packages\pymysql\connections.py", line 1245, in read
    first_packet = self.connection._read_packet()
  File "C:\Users\Husnain\Desktop\cart crud\venv\Lib\site-packages\pymysql\connections.py", line 803, in _read_packet
    packet.raise_for_error()
    ~~~~~~~~~~~~~~~~~~~~~~^^
  File "C:\Users\Husnain\Desktop\cart crud\venv\Lib\site-packages\pymysql\protocol.py", line 219, in raise_for_error
    err.raise_mysql_exception(self._data)
    ~~~~~~~~~~~~~~~~~~~~~~~~~^^^^^^^^^^^^
  File "C:\Users\Husnain\Desktop\cart crud\venv\Lib\site-packages\pymysql\err.py", line 154, in raise_mysql_exception
    raise errorclass(errno, errval, sqlstate=sqlstate)
pymysql.err.OperationalError: (1054, "Unknown column 'carts.status' in 'field list'")

The above exception was the direct cause of the following exception:

Traceback (most recent call last):
  File "C:\Users\Husnain\Desktop\cart crud\venv\Lib\site-packages\starlette\middleware\errors.py", line 164, in __call__
    await self.app(scope, receive, _send)
  File "C:\Users\Husnain\Desktop\cart crud\venv\Lib\site-packages\starlette\middleware\base.py", line 191, in __call__
    with recv_stream, send_stream, collapse_excgroups():
                                   ~~~~~~~~~~~~~~~~~~^^
  File "C:\Users\Husnain\AppData\Local\Python\pythoncore-3.14-64\Lib\contextlib.py", line 162, in __exit__
    self.gen.throw(value)
    ~~~~~~~~~~~~~~^^^^^^^
  File "C:\Users\Husnain\Desktop\cart crud\venv\Lib\site-packages\starlette\_utils.py", line 87, in collapse_excgroups
    raise exc
  File "C:\Users\Husnain\Desktop\cart crud\venv\Lib\site-packages\starlette\middleware\base.py", line 193, in __call__
    response = await self.dispatch_func(request, call_next)
               ^^^^^^^^^^^^^^^^^^^^^^^^^^^^^^^^^^^^^^^^^^^^
  File "C:\Users\Husnain\Desktop\cart crud\app\middleware\logging_middleware.py", line 25, in dispatch
    response = await call_next(request)
               ^^^^^^^^^^^^^^^^^^^^^^^^
  File "C:\Users\Husnain\Desktop\cart crud\venv\Lib\site-packages\starlette\middleware\base.py", line 168, in call_next
    raise app_exc from app_exc.__cause__ or app_exc.__context__
  File "C:\Users\Husnain\Desktop\cart crud\venv\Lib\site-packages\starlette\middleware\base.py", line 144, in coro
    await self.app(scope, receive_or_disconnect, send_no_error)
  File "C:\Users\Husnain\Desktop\cart crud\venv\Lib\site-packages\starlette\middleware\exceptions.py", line 63, in __call__
    await wrap_app_handling_exceptions(self.app, conn)(scope, receive, send)
  File "C:\Users\Husnain\Desktop\cart crud\venv\Lib\site-packages\starlette\_exception_handler.py", line 53, in wrapped_app
    raise exc
  File "C:\Users\Husnain\Desktop\cart crud\venv\Lib\site-packages\starlette\_exception_handler.py", line 42, in wrapped_app
    await app(scope, receive, sender)
  File "C:\Users\Husnain\Desktop\cart crud\venv\Lib\site-packages\fastapi\middleware\asyncexitstack.py", line 18, in __call__
    await self.app(scope, receive, send)
  File "C:\Users\Husnain\Desktop\cart crud\venv\Lib\site-packages\starlette\routing.py", line 660, in __call__
    await self.middleware_stack(scope, receive, send)
  File "C:\Users\Husnain\Desktop\cart crud\venv\Lib\site-packages\starlette\routing.py", line 680, in app
    await route.handle(scope, receive, send)
  File "C:\Users\Husnain\Desktop\cart crud\venv\Lib\site-packages\starlette\routing.py", line 276, in handle
    await self.app(scope, receive, send)
  File "C:\Users\Husnain\Desktop\cart crud\venv\Lib\site-packages\fastapi\routing.py", line 134, in app
    await wrap_app_handling_exceptions(app, request)(scope, receive, send)
  File "C:\Users\Husnain\Desktop\cart crud\venv\Lib\site-packages\starlette\_exception_handler.py", line 53, in wrapped_app
    raise exc
  File "C:\Users\Husnain\Desktop\cart crud\venv\Lib\site-packages\starlette\_exception_handler.py", line 42, in wrapped_app
    await app(scope, receive, sender)
  File "C:\Users\Husnain\Desktop\cart crud\venv\Lib\site-packages\fastapi\routing.py", line 120, in app
    response = await f(request)
               ^^^^^^^^^^^^^^^^
  File "C:\Users\Husnain\Desktop\cart crud\venv\Lib\site-packages\fastapi\routing.py", line 674, in app
    raw_response = await run_endpoint_function(
                   ^^^^^^^^^^^^^^^^^^^^^^^^^^^^
    ...<3 lines>...
    )
    ^
  File "C:\Users\Husnain\Desktop\cart crud\venv\Lib\site-packages\fastapi\routing.py", line 330, in run_endpoint_function
    return await run_in_threadpool(dependant.call, **values)
           ^^^^^^^^^^^^^^^^^^^^^^^^^^^^^^^^^^^^^^^^^^^^^^^^^
  File "C:\Users\Husnain\Desktop\cart crud\venv\Lib\site-packages\starlette\concurrency.py", line 32, in run_in_threadpool
    return await anyio.to_thread.run_sync(func)
           ^^^^^^^^^^^^^^^^^^^^^^^^^^^^^^^^^^^^
  File "C:\Users\Husnain\Desktop\cart crud\venv\Lib\site-packages\anyio\to_thread.py", line 63, in run_sync
    return await get_async_backend().run_sync_in_worker_thread(
           ^^^^^^^^^^^^^^^^^^^^^^^^^^^^^^^^^^^^^^^^^^^^^^^^^^^^
        func, args, abandon_on_cancel=abandon_on_cancel, limiter=limiter
        ^^^^^^^^^^^^^^^^^^^^^^^^^^^^^^^^^^^^^^^^^^^^^^^^^^^^^^^^^^^^^^^^
    )
    ^
  File "C:\Users\Husnain\Desktop\cart crud\venv\Lib\site-packages\anyio\_backends\_asyncio.py", line 2518, in run_sync_in_worker_thread
    return await future
           ^^^^^^^^^^^^
  File "C:\Users\Husnain\Desktop\cart crud\venv\Lib\site-packages\anyio\_backends\_asyncio.py", line 1002, in run
    result = context.run(func, *args)
  File "C:\Users\Husnain\Desktop\cart crud\app\api\v1\cart_router.py", line 47, in get_cart
    return service.get_cart(cart_id)
           ~~~~~~~~~~~~~~~~^^^^^^^^^
  File "C:\Users\Husnain\Desktop\cart crud\app\services\cart_service.py", line 75, in get_cart
    cart = self.repo.get_cart_by_id(cart_id)
  File "C:\Users\Husnain\Desktop\cart crud\app\repositories\cart_repository.py", line 43, in get_cart_by_id
    .first()
     ~~~~~^^
  File "C:\Users\Husnain\Desktop\cart crud\venv\Lib\site-packages\sqlalchemy\orm\query.py", line 2766, in first
    return self.limit(1)._iter().first()  # type: ignore
           ~~~~~~~~~~~~~~~~~~~^^
  File "C:\Users\Husnain\Desktop\cart crud\venv\Lib\site-packages\sqlalchemy\orm\query.py", line 2864, in _iter
    result: Union[ScalarResult[_T], Result[_T]] = self.session.execute(
                                                  ~~~~~~~~~~~~~~~~~~~~^
        statement,
        ^^^^^^^^^^
        params,
        ^^^^^^^
        execution_options={"_sa_orm_load_options": self.load_options},
        ^^^^^^^^^^^^^^^^^^^^^^^^^^^^^^^^^^^^^^^^^^^^^^^^^^^^^^^^^^^^^^
    )
    ^
  File "C:\Users\Husnain\Desktop\cart crud\venv\Lib\site-packages\sqlalchemy\orm\session.py", line 2372, in execute
    return self._execute_internal(
           ~~~~~~~~~~~~~~~~~~~~~~^
        statement,
        ^^^^^^^^^^
    ...<4 lines>...
        _add_event=_add_event,
        ^^^^^^^^^^^^^^^^^^^^^^
    )
    ^
  File "C:\Users\Husnain\Desktop\cart crud\venv\Lib\site-packages\sqlalchemy\orm\session.py", line 2270, in _execute_internal
    result: Result[Any] = compile_state_cls.orm_execute_statement(
                          ~~~~~~~~~~~~~~~~~~~~~~~~~~~~~~~~~~~~~~~^
        self,
        ^^^^^
    ...<4 lines>...
        conn,
        ^^^^^
    )
    ^
  File "C:\Users\Husnain\Desktop\cart crud\venv\Lib\site-packages\sqlalchemy\orm\context.py", line 306, in orm_execute_statement
    result = conn.execute(
        statement, params or {}, execution_options=execution_options
    )
  File "C:\Users\Husnain\Desktop\cart crud\venv\Lib\site-packages\sqlalchemy\engine\base.py", line 1421, in execute
    return meth(
        self,
        distilled_parameters,
        execution_options or NO_OPTIONS,
    )
  File "C:\Users\Husnain\Desktop\cart crud\venv\Lib\site-packages\sqlalchemy\sql\elements.py", line 526, in _execute_on_connection
    return connection._execute_clauseelement(
           ~~~~~~~~~~~~~~~~~~~~~~~~~~~~~~~~~^
        self, distilled_params, execution_options
        ^^^^^^^^^^^^^^^^^^^^^^^^^^^^^^^^^^^^^^^^^
    )
    ^
  File "C:\Users\Husnain\Desktop\cart crud\venv\Lib\site-packages\sqlalchemy\engine\base.py", line 1643, in _execute_clauseelement
    ret = self._execute_context(
        dialect,
    ...<8 lines>...
        cache_hit=cache_hit,
    )
  File "C:\Users\Husnain\Desktop\cart crud\venv\Lib\site-packages\sqlalchemy\engine\base.py", line 1848, in _execute_context
    return self._exec_single_context(
           ~~~~~~~~~~~~~~~~~~~~~~~~~^
        dialect, context, statement, parameters
        ^^^^^^^^^^^^^^^^^^^^^^^^^^^^^^^^^^^^^^^
    )
    ^
  File "C:\Users\Husnain\Desktop\cart crud\venv\Lib\site-packages\sqlalchemy\engine\base.py", line 1988, in _exec_single_context
    self._handle_dbapi_exception(
    ~~~~~~~~~~~~~~~~~~~~~~~~~~~~^
        e, str_statement, effective_parameters, cursor, context
        ^^^^^^^^^^^^^^^^^^^^^^^^^^^^^^^^^^^^^^^^^^^^^^^^^^^^^^^
    )
    ^
  File "C:\Users\Husnain\Desktop\cart crud\venv\Lib\site-packages\sqlalchemy\engine\base.py", line 2365, in _handle_dbapi_exception
    raise sqlalchemy_exception.with_traceback(exc_info[2]) from e
  File "C:\Users\Husnain\Desktop\cart crud\venv\Lib\site-packages\sqlalchemy\engine\base.py", line 1969, in _exec_single_context
    self.dialect.do_execute(
    ~~~~~~~~~~~~~~~~~~~~~~~^
        cursor, str_statement, effective_parameters, context
        ^^^^^^^^^^^^^^^^^^^^^^^^^^^^^^^^^^^^^^^^^^^^^^^^^^^^
    )
    ^
  File "C:\Users\Husnain\Desktop\cart crud\venv\Lib\site-packages\sqlalchemy\engine\default.py", line 952, in do_execute
    cursor.execute(statement, parameters)
    ~~~~~~~~~~~~~~^^^^^^^^^^^^^^^^^^^^^^^
  File "C:\Users\Husnain\Desktop\cart crud\venv\Lib\site-packages\pymysql\cursors.py", line 159, in execute
    result = self._query(query)
  File "C:\Users\Husnain\Desktop\cart crud\venv\Lib\site-packages\pymysql\cursors.py", line 330, in _query
    conn.query(q)
    ~~~~~~~~~~^^^
  File "C:\Users\Husnain\Desktop\cart crud\venv\Lib\site-packages\pymysql\connections.py", line 582, in query
    self._affected_rows = self._read_query_result(unbuffered=unbuffered)
                          ~~~~~~~~~~~~~~~~~~~~~~~^^^^^^^^^^^^^^^^^^^^^^^
  File "C:\Users\Husnain\Desktop\cart crud\venv\Lib\site-packages\pymysql\connections.py", line 847, in _read_query_result
    result.read()
    ~~~~~~~~~~~^^
  File "C:\Users\Husnain\Desktop\cart crud\venv\Lib\site-packages\pymysql\connections.py", line 1245, in read
    first_packet = self.connection._read_packet()
  File "C:\Users\Husnain\Desktop\cart crud\venv\Lib\site-packages\pymysql\connections.py", line 803, in _read_packet
    packet.raise_for_error()
    ~~~~~~~~~~~~~~~~~~~~~~^^
  File "C:\Users\Husnain\Desktop\cart crud\venv\Lib\site-packages\pymysql\protocol.py", line 219, in raise_for_error
    err.raise_mysql_exception(self._data)
    ~~~~~~~~~~~~~~~~~~~~~~~~~^^^^^^^^^^^^
  File "C:\Users\Husnain\Desktop\cart crud\venv\Lib\site-packages\pymysql\err.py", line 154, in raise_mysql_exception
    raise errorclass(errno, errval, sqlstate=sqlstate)
sqlalchemy.exc.OperationalError: (pymysql.err.OperationalError) (1054, "Unknown column 'carts.status' in 'field list'")
[SQL: SELECT anon_1.carts_id AS anon_1_carts_id, anon_1.carts_user_id AS anon_1_carts_user_id, anon_1.carts_discount AS anon_1_carts_discount, anon_1.carts_status AS anon_1_carts_status, users_1.id AS users_1_id, users_1.email AS users_1_email, users_1.password_hash AS users_1_password_hash, users_1.name AS users_1_name, products_1.id AS products_1_id, products_1.name AS products_1_name, products_1.description AS products_1_description, products_1.brand AS products_1_brand, product_variants_1.id AS product_variants_1_id, product_variants_1.product_id AS product_variants_1_product_id, product_variants_1.sku AS product_variants_1_sku, product_variants_1.price AS product_variants_1_price, product_variants_1.currency AS product_variants_1_currency, product_variants_1.inventory_qty AS product_variants_1_inventory_qty, cart_items_1.id AS cart_items_1_id, cart_items_1.cart_id AS cart_items_1_cart_id, cart_items_1.product_variant_id AS cart_items_1_product_variant_id, cart_items_1.quantity AS cart_items_1_quantity, cart_items_1.unit_price AS cart_items_1_unit_price, cart_items_1.currency AS cart_items_1_currency 
FROM (SELECT carts.id AS carts_id, carts.user_id AS carts_user_id, carts.discount AS carts_discount, carts.status AS carts_status 
FROM carts 
WHERE carts.id = %(id_1)s 
 LIMIT %(param_1)s) AS anon_1 LEFT OUTER JOIN users AS users_1 ON users_1.id = anon_1.carts_user_id LEFT OUTER JOIN cart_items AS cart_items_1 ON anon_1.carts_id = cart_items_1.cart_id LEFT OUTER JOIN product_variants AS product_variants_1 ON product_variants_1.id = cart_items_1.product_variant_id LEFT OUTER JOIN products AS products_1 ON products_1.id = product_variants_1.product_id]
[parameters: {'id_1': 1, 'param_1': 1}]
(Background on this error at: https://sqlalche.me/e/20/e3q8)
2026-06-03 19:34:26 | INFO | app.middleware.logging_middleware | --> REQUEST  POST /api/v1/carts/1/items
2026-06-03 19:34:26 | ERROR | app.exceptions.handlers | Unhandled exception: (pymysql.err.OperationalError) (1054, "Unknown column 'carts.status' in 'field list'")
[SQL: SELECT anon_1.carts_id AS anon_1_carts_id, anon_1.carts_user_id AS anon_1_carts_user_id, anon_1.carts_discount AS anon_1_carts_discount, anon_1.carts_status AS anon_1_carts_status, users_1.id AS users_1_id, users_1.email AS users_1_email, users_1.password_hash AS users_1_password_hash, users_1.name AS users_1_name, products_1.id AS products_1_id, products_1.name AS products_1_name, products_1.description AS products_1_description, products_1.brand AS products_1_brand, product_variants_1.id AS product_variants_1_id, product_variants_1.product_id AS product_variants_1_product_id, product_variants_1.sku AS product_variants_1_sku, product_variants_1.price AS product_variants_1_price, product_variants_1.currency AS product_variants_1_currency, product_variants_1.inventory_qty AS product_variants_1_inventory_qty, cart_items_1.id AS cart_items_1_id, cart_items_1.cart_id AS cart_items_1_cart_id, cart_items_1.product_variant_id AS cart_items_1_product_variant_id, cart_items_1.quantity AS cart_items_1_quantity, cart_items_1.unit_price AS cart_items_1_unit_price, cart_items_1.currency AS cart_items_1_currency 
FROM (SELECT carts.id AS carts_id, carts.user_id AS carts_user_id, carts.discount AS carts_discount, carts.status AS carts_status 
FROM carts 
WHERE carts.id = %(id_1)s 
 LIMIT %(param_1)s) AS anon_1 LEFT OUTER JOIN users AS users_1 ON users_1.id = anon_1.carts_user_id LEFT OUTER JOIN cart_items AS cart_items_1 ON anon_1.carts_id = cart_items_1.cart_id LEFT OUTER JOIN product_variants AS product_variants_1 ON product_variants_1.id = cart_items_1.product_variant_id LEFT OUTER JOIN products AS products_1 ON products_1.id = product_variants_1.product_id]
[parameters: {'id_1': 1, 'param_1': 1}]
(Background on this error at: https://sqlalche.me/e/20/e3q8)
Traceback (most recent call last):
  File "C:\Users\Husnain\Desktop\cart crud\venv\Lib\site-packages\sqlalchemy\engine\base.py", line 1969, in _exec_single_context
    self.dialect.do_execute(
    ~~~~~~~~~~~~~~~~~~~~~~~^
        cursor, str_statement, effective_parameters, context
        ^^^^^^^^^^^^^^^^^^^^^^^^^^^^^^^^^^^^^^^^^^^^^^^^^^^^
    )
    ^
  File "C:\Users\Husnain\Desktop\cart crud\venv\Lib\site-packages\sqlalchemy\engine\default.py", line 952, in do_execute
    cursor.execute(statement, parameters)
    ~~~~~~~~~~~~~~^^^^^^^^^^^^^^^^^^^^^^^
  File "C:\Users\Husnain\Desktop\cart crud\venv\Lib\site-packages\pymysql\cursors.py", line 159, in execute
    result = self._query(query)
  File "C:\Users\Husnain\Desktop\cart crud\venv\Lib\site-packages\pymysql\cursors.py", line 330, in _query
    conn.query(q)
    ~~~~~~~~~~^^^
  File "C:\Users\Husnain\Desktop\cart crud\venv\Lib\site-packages\pymysql\connections.py", line 582, in query
    self._affected_rows = self._read_query_result(unbuffered=unbuffered)
                          ~~~~~~~~~~~~~~~~~~~~~~~^^^^^^^^^^^^^^^^^^^^^^^
  File "C:\Users\Husnain\Desktop\cart crud\venv\Lib\site-packages\pymysql\connections.py", line 847, in _read_query_result
    result.read()
    ~~~~~~~~~~~^^
  File "C:\Users\Husnain\Desktop\cart crud\venv\Lib\site-packages\pymysql\connections.py", line 1245, in read
    first_packet = self.connection._read_packet()
  File "C:\Users\Husnain\Desktop\cart crud\venv\Lib\site-packages\pymysql\connections.py", line 803, in _read_packet
    packet.raise_for_error()
    ~~~~~~~~~~~~~~~~~~~~~~^^
  File "C:\Users\Husnain\Desktop\cart crud\venv\Lib\site-packages\pymysql\protocol.py", line 219, in raise_for_error
    err.raise_mysql_exception(self._data)
    ~~~~~~~~~~~~~~~~~~~~~~~~~^^^^^^^^^^^^
  File "C:\Users\Husnain\Desktop\cart crud\venv\Lib\site-packages\pymysql\err.py", line 154, in raise_mysql_exception
    raise errorclass(errno, errval, sqlstate=sqlstate)
pymysql.err.OperationalError: (1054, "Unknown column 'carts.status' in 'field list'")

The above exception was the direct cause of the following exception:

Traceback (most recent call last):
  File "C:\Users\Husnain\Desktop\cart crud\venv\Lib\site-packages\starlette\middleware\errors.py", line 164, in __call__
    await self.app(scope, receive, _send)
  File "C:\Users\Husnain\Desktop\cart crud\venv\Lib\site-packages\starlette\middleware\base.py", line 191, in __call__
    with recv_stream, send_stream, collapse_excgroups():
                                   ~~~~~~~~~~~~~~~~~~^^
  File "C:\Users\Husnain\AppData\Local\Python\pythoncore-3.14-64\Lib\contextlib.py", line 162, in __exit__
    self.gen.throw(value)
    ~~~~~~~~~~~~~~^^^^^^^
  File "C:\Users\Husnain\Desktop\cart crud\venv\Lib\site-packages\starlette\_utils.py", line 87, in collapse_excgroups
    raise exc
  File "C:\Users\Husnain\Desktop\cart crud\venv\Lib\site-packages\starlette\middleware\base.py", line 193, in __call__
    response = await self.dispatch_func(request, call_next)
               ^^^^^^^^^^^^^^^^^^^^^^^^^^^^^^^^^^^^^^^^^^^^
  File "C:\Users\Husnain\Desktop\cart crud\app\middleware\logging_middleware.py", line 25, in dispatch
    response = await call_next(request)
               ^^^^^^^^^^^^^^^^^^^^^^^^
  File "C:\Users\Husnain\Desktop\cart crud\venv\Lib\site-packages\starlette\middleware\base.py", line 168, in call_next
    raise app_exc from app_exc.__cause__ or app_exc.__context__
  File "C:\Users\Husnain\Desktop\cart crud\venv\Lib\site-packages\starlette\middleware\base.py", line 144, in coro
    await self.app(scope, receive_or_disconnect, send_no_error)
  File "C:\Users\Husnain\Desktop\cart crud\venv\Lib\site-packages\starlette\middleware\exceptions.py", line 63, in __call__
    await wrap_app_handling_exceptions(self.app, conn)(scope, receive, send)
  File "C:\Users\Husnain\Desktop\cart crud\venv\Lib\site-packages\starlette\_exception_handler.py", line 53, in wrapped_app
    raise exc
  File "C:\Users\Husnain\Desktop\cart crud\venv\Lib\site-packages\starlette\_exception_handler.py", line 42, in wrapped_app
    await app(scope, receive, sender)
  File "C:\Users\Husnain\Desktop\cart crud\venv\Lib\site-packages\fastapi\middleware\asyncexitstack.py", line 18, in __call__
    await self.app(scope, receive, send)
  File "C:\Users\Husnain\Desktop\cart crud\venv\Lib\site-packages\starlette\routing.py", line 660, in __call__
    await self.middleware_stack(scope, receive, send)
  File "C:\Users\Husnain\Desktop\cart crud\venv\Lib\site-packages\starlette\routing.py", line 680, in app
    await route.handle(scope, receive, send)
  File "C:\Users\Husnain\Desktop\cart crud\venv\Lib\site-packages\starlette\routing.py", line 276, in handle
    await self.app(scope, receive, send)
  File "C:\Users\Husnain\Desktop\cart crud\venv\Lib\site-packages\fastapi\routing.py", line 134, in app
    await wrap_app_handling_exceptions(app, request)(scope, receive, send)
  File "C:\Users\Husnain\Desktop\cart crud\venv\Lib\site-packages\starlette\_exception_handler.py", line 53, in wrapped_app
    raise exc
  File "C:\Users\Husnain\Desktop\cart crud\venv\Lib\site-packages\starlette\_exception_handler.py", line 42, in wrapped_app
    await app(scope, receive, sender)
  File "C:\Users\Husnain\Desktop\cart crud\venv\Lib\site-packages\fastapi\routing.py", line 120, in app
    response = await f(request)
               ^^^^^^^^^^^^^^^^
  File "C:\Users\Husnain\Desktop\cart crud\venv\Lib\site-packages\fastapi\routing.py", line 674, in app
    raw_response = await run_endpoint_function(
                   ^^^^^^^^^^^^^^^^^^^^^^^^^^^^
    ...<3 lines>...
    )
    ^
  File "C:\Users\Husnain\Desktop\cart crud\venv\Lib\site-packages\fastapi\routing.py", line 330, in run_endpoint_function
    return await run_in_threadpool(dependant.call, **values)
           ^^^^^^^^^^^^^^^^^^^^^^^^^^^^^^^^^^^^^^^^^^^^^^^^^
  File "C:\Users\Husnain\Desktop\cart crud\venv\Lib\site-packages\starlette\concurrency.py", line 32, in run_in_threadpool
    return await anyio.to_thread.run_sync(func)
           ^^^^^^^^^^^^^^^^^^^^^^^^^^^^^^^^^^^^
  File "C:\Users\Husnain\Desktop\cart crud\venv\Lib\site-packages\anyio\to_thread.py", line 63, in run_sync
    return await get_async_backend().run_sync_in_worker_thread(
           ^^^^^^^^^^^^^^^^^^^^^^^^^^^^^^^^^^^^^^^^^^^^^^^^^^^^
        func, args, abandon_on_cancel=abandon_on_cancel, limiter=limiter
        ^^^^^^^^^^^^^^^^^^^^^^^^^^^^^^^^^^^^^^^^^^^^^^^^^^^^^^^^^^^^^^^^
    )
    ^
  File "C:\Users\Husnain\Desktop\cart crud\venv\Lib\site-packages\anyio\_backends\_asyncio.py", line 2518, in run_sync_in_worker_thread
    return await future
           ^^^^^^^^^^^^
  File "C:\Users\Husnain\Desktop\cart crud\venv\Lib\site-packages\anyio\_backends\_asyncio.py", line 1002, in run
    result = context.run(func, *args)
  File "C:\Users\Husnain\Desktop\cart crud\app\api\v1\cart_router.py", line 64, in add_item
    return service.add_item(cart_id, payload)
           ~~~~~~~~~~~~~~~~^^^^^^^^^^^^^^^^^^
  File "C:\Users\Husnain\Desktop\cart crud\app\services\cart_service.py", line 92, in add_item
    cart = self.repo.get_cart_by_id(cart_id)
  File "C:\Users\Husnain\Desktop\cart crud\app\repositories\cart_repository.py", line 43, in get_cart_by_id
    .first()
     ~~~~~^^
  File "C:\Users\Husnain\Desktop\cart crud\venv\Lib\site-packages\sqlalchemy\orm\query.py", line 2766, in first
    return self.limit(1)._iter().first()  # type: ignore
           ~~~~~~~~~~~~~~~~~~~^^
  File "C:\Users\Husnain\Desktop\cart crud\venv\Lib\site-packages\sqlalchemy\orm\query.py", line 2864, in _iter
    result: Union[ScalarResult[_T], Result[_T]] = self.session.execute(
                                                  ~~~~~~~~~~~~~~~~~~~~^
        statement,
        ^^^^^^^^^^
        params,
        ^^^^^^^
        execution_options={"_sa_orm_load_options": self.load_options},
        ^^^^^^^^^^^^^^^^^^^^^^^^^^^^^^^^^^^^^^^^^^^^^^^^^^^^^^^^^^^^^^
    )
    ^
  File "C:\Users\Husnain\Desktop\cart crud\venv\Lib\site-packages\sqlalchemy\orm\session.py", line 2372, in execute
    return self._execute_internal(
           ~~~~~~~~~~~~~~~~~~~~~~^
        statement,
        ^^^^^^^^^^
    ...<4 lines>...
        _add_event=_add_event,
        ^^^^^^^^^^^^^^^^^^^^^^
    )
    ^
  File "C:\Users\Husnain\Desktop\cart crud\venv\Lib\site-packages\sqlalchemy\orm\session.py", line 2270, in _execute_internal
    result: Result[Any] = compile_state_cls.orm_execute_statement(
                          ~~~~~~~~~~~~~~~~~~~~~~~~~~~~~~~~~~~~~~~^
        self,
        ^^^^^
    ...<4 lines>...
        conn,
        ^^^^^
    )
    ^
  File "C:\Users\Husnain\Desktop\cart crud\venv\Lib\site-packages\sqlalchemy\orm\context.py", line 306, in orm_execute_statement
    result = conn.execute(
        statement, params or {}, execution_options=execution_options
    )
  File "C:\Users\Husnain\Desktop\cart crud\venv\Lib\site-packages\sqlalchemy\engine\base.py", line 1421, in execute
    return meth(
        self,
        distilled_parameters,
        execution_options or NO_OPTIONS,
    )
  File "C:\Users\Husnain\Desktop\cart crud\venv\Lib\site-packages\sqlalchemy\sql\elements.py", line 526, in _execute_on_connection
    return connection._execute_clauseelement(
           ~~~~~~~~~~~~~~~~~~~~~~~~~~~~~~~~~^
        self, distilled_params, execution_options
        ^^^^^^^^^^^^^^^^^^^^^^^^^^^^^^^^^^^^^^^^^
    )
    ^
  File "C:\Users\Husnain\Desktop\cart crud\venv\Lib\site-packages\sqlalchemy\engine\base.py", line 1643, in _execute_clauseelement
    ret = self._execute_context(
        dialect,
    ...<8 lines>...
        cache_hit=cache_hit,
    )
  File "C:\Users\Husnain\Desktop\cart crud\venv\Lib\site-packages\sqlalchemy\engine\base.py", line 1848, in _execute_context
    return self._exec_single_context(
           ~~~~~~~~~~~~~~~~~~~~~~~~~^
        dialect, context, statement, parameters
        ^^^^^^^^^^^^^^^^^^^^^^^^^^^^^^^^^^^^^^^
    )
    ^
  File "C:\Users\Husnain\Desktop\cart crud\venv\Lib\site-packages\sqlalchemy\engine\base.py", line 1988, in _exec_single_context
    self._handle_dbapi_exception(
    ~~~~~~~~~~~~~~~~~~~~~~~~~~~~^
        e, str_statement, effective_parameters, cursor, context
        ^^^^^^^^^^^^^^^^^^^^^^^^^^^^^^^^^^^^^^^^^^^^^^^^^^^^^^^
    )
    ^
  File "C:\Users\Husnain\Desktop\cart crud\venv\Lib\site-packages\sqlalchemy\engine\base.py", line 2365, in _handle_dbapi_exception
    raise sqlalchemy_exception.with_traceback(exc_info[2]) from e
  File "C:\Users\Husnain\Desktop\cart crud\venv\Lib\site-packages\sqlalchemy\engine\base.py", line 1969, in _exec_single_context
    self.dialect.do_execute(
    ~~~~~~~~~~~~~~~~~~~~~~~^
        cursor, str_statement, effective_parameters, context
        ^^^^^^^^^^^^^^^^^^^^^^^^^^^^^^^^^^^^^^^^^^^^^^^^^^^^
    )
    ^
  File "C:\Users\Husnain\Desktop\cart crud\venv\Lib\site-packages\sqlalchemy\engine\default.py", line 952, in do_execute
    cursor.execute(statement, parameters)
    ~~~~~~~~~~~~~~^^^^^^^^^^^^^^^^^^^^^^^
  File "C:\Users\Husnain\Desktop\cart crud\venv\Lib\site-packages\pymysql\cursors.py", line 159, in execute
    result = self._query(query)
  File "C:\Users\Husnain\Desktop\cart crud\venv\Lib\site-packages\pymysql\cursors.py", line 330, in _query
    conn.query(q)
    ~~~~~~~~~~^^^
  File "C:\Users\Husnain\Desktop\cart crud\venv\Lib\site-packages\pymysql\connections.py", line 582, in query
    self._affected_rows = self._read_query_result(unbuffered=unbuffered)
                          ~~~~~~~~~~~~~~~~~~~~~~~^^^^^^^^^^^^^^^^^^^^^^^
  File "C:\Users\Husnain\Desktop\cart crud\venv\Lib\site-packages\pymysql\connections.py", line 847, in _read_query_result
    result.read()
    ~~~~~~~~~~~^^
  File "C:\Users\Husnain\Desktop\cart crud\venv\Lib\site-packages\pymysql\connections.py", line 1245, in read
    first_packet = self.connection._read_packet()
  File "C:\Users\Husnain\Desktop\cart crud\venv\Lib\site-packages\pymysql\connections.py", line 803, in _read_packet
    packet.raise_for_error()
    ~~~~~~~~~~~~~~~~~~~~~~^^
  File "C:\Users\Husnain\Desktop\cart crud\venv\Lib\site-packages\pymysql\protocol.py", line 219, in raise_for_error
    err.raise_mysql_exception(self._data)
    ~~~~~~~~~~~~~~~~~~~~~~~~~^^^^^^^^^^^^
  File "C:\Users\Husnain\Desktop\cart crud\venv\Lib\site-packages\pymysql\err.py", line 154, in raise_mysql_exception
    raise errorclass(errno, errval, sqlstate=sqlstate)
sqlalchemy.exc.OperationalError: (pymysql.err.OperationalError) (1054, "Unknown column 'carts.status' in 'field list'")
[SQL: SELECT anon_1.carts_id AS anon_1_carts_id, anon_1.carts_user_id AS anon_1_carts_user_id, anon_1.carts_discount AS anon_1_carts_discount, anon_1.carts_status AS anon_1_carts_status, users_1.id AS users_1_id, users_1.email AS users_1_email, users_1.password_hash AS users_1_password_hash, users_1.name AS users_1_name, products_1.id AS products_1_id, products_1.name AS products_1_name, products_1.description AS products_1_description, products_1.brand AS products_1_brand, product_variants_1.id AS product_variants_1_id, product_variants_1.product_id AS product_variants_1_product_id, product_variants_1.sku AS product_variants_1_sku, product_variants_1.price AS product_variants_1_price, product_variants_1.currency AS product_variants_1_currency, product_variants_1.inventory_qty AS product_variants_1_inventory_qty, cart_items_1.id AS cart_items_1_id, cart_items_1.cart_id AS cart_items_1_cart_id, cart_items_1.product_variant_id AS cart_items_1_product_variant_id, cart_items_1.quantity AS cart_items_1_quantity, cart_items_1.unit_price AS cart_items_1_unit_price, cart_items_1.currency AS cart_items_1_currency 
FROM (SELECT carts.id AS carts_id, carts.user_id AS carts_user_id, carts.discount AS carts_discount, carts.status AS carts_status 
FROM carts 
WHERE carts.id = %(id_1)s 
 LIMIT %(param_1)s) AS anon_1 LEFT OUTER JOIN users AS users_1 ON users_1.id = anon_1.carts_user_id LEFT OUTER JOIN cart_items AS cart_items_1 ON anon_1.carts_id = cart_items_1.cart_id LEFT OUTER JOIN product_variants AS product_variants_1 ON product_variants_1.id = cart_items_1.product_variant_id LEFT OUTER JOIN products AS products_1 ON products_1.id = product_variants_1.product_id]
[parameters: {'id_1': 1, 'param_1': 1}]
(Background on this error at: https://sqlalche.me/e/20/e3q8)
2026-06-03 19:34:26 | INFO | app.middleware.logging_middleware | --> REQUEST  POST /api/v1/users/
2026-06-03 19:34:26 | WARNING | app.exceptions.handlers | User with email=hasni@gmail.com already exists
2026-06-03 19:34:26 | INFO | app.middleware.logging_middleware | <-- RESPONSE POST /api/v1/users/ status=409 duration=7.41ms
2026-06-03 19:34:26 | INFO | app.middleware.logging_middleware | --> REQUEST  POST /api/v1/products/1/variants
2026-06-03 19:34:26 | WARNING | app.exceptions.handlers | Variant with SKU=NIKE-RUN-42 already exists
2026-06-03 19:34:26 | INFO | app.middleware.logging_middleware | <-- RESPONSE POST /api/v1/products/1/variants status=409 duration=29.9ms
2026-06-03 19:34:26 | INFO | app.middleware.logging_middleware | --> REQUEST  GET /api/v1/users/999
2026-06-03 19:34:26 | WARNING | app.exceptions.handlers | User with id=999 not found
2026-06-03 19:34:26 | INFO | app.middleware.logging_middleware | <-- RESPONSE GET /api/v1/users/999 status=404 duration=4.13ms
2026-06-03 19:34:26 | INFO | app.middleware.logging_middleware | --> REQUEST  GET /api/v1/users/1/cart
2026-06-03 19:34:26 | ERROR | app.exceptions.handlers | Unhandled exception: (pymysql.err.OperationalError) (1054, "Unknown column 'carts.status' in 'field list'")
[SQL: SELECT anon_1.carts_id AS anon_1_carts_id, anon_1.carts_user_id AS anon_1_carts_user_id, anon_1.carts_discount AS anon_1_carts_discount, anon_1.carts_status AS anon_1_carts_status, users_1.id AS users_1_id, users_1.email AS users_1_email, users_1.password_hash AS users_1_password_hash, users_1.name AS users_1_name, products_1.id AS products_1_id, products_1.name AS products_1_name, products_1.description AS products_1_description, products_1.brand AS products_1_brand, product_variants_1.id AS product_variants_1_id, product_variants_1.product_id AS product_variants_1_product_id, product_variants_1.sku AS product_variants_1_sku, product_variants_1.price AS product_variants_1_price, product_variants_1.currency AS product_variants_1_currency, product_variants_1.inventory_qty AS product_variants_1_inventory_qty, cart_items_1.id AS cart_items_1_id, cart_items_1.cart_id AS cart_items_1_cart_id, cart_items_1.product_variant_id AS cart_items_1_product_variant_id, cart_items_1.quantity AS cart_items_1_quantity, cart_items_1.unit_price AS cart_items_1_unit_price, cart_items_1.currency AS cart_items_1_currency 
FROM (SELECT carts.id AS carts_id, carts.user_id AS carts_user_id, carts.discount AS carts_discount, carts.status AS carts_status 
FROM carts 
WHERE carts.user_id = %(user_id_1)s AND carts.status = %(status_1)s 
 LIMIT %(param_1)s) AS anon_1 LEFT OUTER JOIN users AS users_1 ON users_1.id = anon_1.carts_user_id LEFT OUTER JOIN cart_items AS cart_items_1 ON anon_1.carts_id = cart_items_1.cart_id LEFT OUTER JOIN product_variants AS product_variants_1 ON product_variants_1.id = cart_items_1.product_variant_id LEFT OUTER JOIN products AS products_1 ON products_1.id = product_variants_1.product_id]
[parameters: {'user_id_1': 1, 'status_1': <CartStatus.ACTIVE: 'ACTIVE'>, 'param_1': 1}]
(Background on this error at: https://sqlalche.me/e/20/e3q8)
Traceback (most recent call last):
  File "C:\Users\Husnain\Desktop\cart crud\venv\Lib\site-packages\sqlalchemy\engine\base.py", line 1969, in _exec_single_context
    self.dialect.do_execute(
    ~~~~~~~~~~~~~~~~~~~~~~~^
        cursor, str_statement, effective_parameters, context
        ^^^^^^^^^^^^^^^^^^^^^^^^^^^^^^^^^^^^^^^^^^^^^^^^^^^^
    )
    ^
  File "C:\Users\Husnain\Desktop\cart crud\venv\Lib\site-packages\sqlalchemy\engine\default.py", line 952, in do_execute
    cursor.execute(statement, parameters)
    ~~~~~~~~~~~~~~^^^^^^^^^^^^^^^^^^^^^^^
  File "C:\Users\Husnain\Desktop\cart crud\venv\Lib\site-packages\pymysql\cursors.py", line 159, in execute
    result = self._query(query)
  File "C:\Users\Husnain\Desktop\cart crud\venv\Lib\site-packages\pymysql\cursors.py", line 330, in _query
    conn.query(q)
    ~~~~~~~~~~^^^
  File "C:\Users\Husnain\Desktop\cart crud\venv\Lib\site-packages\pymysql\connections.py", line 582, in query
    self._affected_rows = self._read_query_result(unbuffered=unbuffered)
                          ~~~~~~~~~~~~~~~~~~~~~~~^^^^^^^^^^^^^^^^^^^^^^^
  File "C:\Users\Husnain\Desktop\cart crud\venv\Lib\site-packages\pymysql\connections.py", line 847, in _read_query_result
    result.read()
    ~~~~~~~~~~~^^
  File "C:\Users\Husnain\Desktop\cart crud\venv\Lib\site-packages\pymysql\connections.py", line 1245, in read
    first_packet = self.connection._read_packet()
  File "C:\Users\Husnain\Desktop\cart crud\venv\Lib\site-packages\pymysql\connections.py", line 803, in _read_packet
    packet.raise_for_error()
    ~~~~~~~~~~~~~~~~~~~~~~^^
  File "C:\Users\Husnain\Desktop\cart crud\venv\Lib\site-packages\pymysql\protocol.py", line 219, in raise_for_error
    err.raise_mysql_exception(self._data)
    ~~~~~~~~~~~~~~~~~~~~~~~~~^^^^^^^^^^^^
  File "C:\Users\Husnain\Desktop\cart crud\venv\Lib\site-packages\pymysql\err.py", line 154, in raise_mysql_exception
    raise errorclass(errno, errval, sqlstate=sqlstate)
pymysql.err.OperationalError: (1054, "Unknown column 'carts.status' in 'field list'")

The above exception was the direct cause of the following exception:

Traceback (most recent call last):
  File "C:\Users\Husnain\Desktop\cart crud\venv\Lib\site-packages\starlette\middleware\errors.py", line 164, in __call__
    await self.app(scope, receive, _send)
  File "C:\Users\Husnain\Desktop\cart crud\venv\Lib\site-packages\starlette\middleware\base.py", line 191, in __call__
    with recv_stream, send_stream, collapse_excgroups():
                                   ~~~~~~~~~~~~~~~~~~^^
  File "C:\Users\Husnain\AppData\Local\Python\pythoncore-3.14-64\Lib\contextlib.py", line 162, in __exit__
    self.gen.throw(value)
    ~~~~~~~~~~~~~~^^^^^^^
  File "C:\Users\Husnain\Desktop\cart crud\venv\Lib\site-packages\starlette\_utils.py", line 87, in collapse_excgroups
    raise exc
  File "C:\Users\Husnain\Desktop\cart crud\venv\Lib\site-packages\starlette\middleware\base.py", line 193, in __call__
    response = await self.dispatch_func(request, call_next)
               ^^^^^^^^^^^^^^^^^^^^^^^^^^^^^^^^^^^^^^^^^^^^
  File "C:\Users\Husnain\Desktop\cart crud\app\middleware\logging_middleware.py", line 25, in dispatch
    response = await call_next(request)
               ^^^^^^^^^^^^^^^^^^^^^^^^
  File "C:\Users\Husnain\Desktop\cart crud\venv\Lib\site-packages\starlette\middleware\base.py", line 168, in call_next
    raise app_exc from app_exc.__cause__ or app_exc.__context__
  File "C:\Users\Husnain\Desktop\cart crud\venv\Lib\site-packages\starlette\middleware\base.py", line 144, in coro
    await self.app(scope, receive_or_disconnect, send_no_error)
  File "C:\Users\Husnain\Desktop\cart crud\venv\Lib\site-packages\starlette\middleware\exceptions.py", line 63, in __call__
    await wrap_app_handling_exceptions(self.app, conn)(scope, receive, send)
  File "C:\Users\Husnain\Desktop\cart crud\venv\Lib\site-packages\starlette\_exception_handler.py", line 53, in wrapped_app
    raise exc
  File "C:\Users\Husnain\Desktop\cart crud\venv\Lib\site-packages\starlette\_exception_handler.py", line 42, in wrapped_app
    await app(scope, receive, sender)
  File "C:\Users\Husnain\Desktop\cart crud\venv\Lib\site-packages\fastapi\middleware\asyncexitstack.py", line 18, in __call__
    await self.app(scope, receive, send)
  File "C:\Users\Husnain\Desktop\cart crud\venv\Lib\site-packages\starlette\routing.py", line 660, in __call__
    await self.middleware_stack(scope, receive, send)
  File "C:\Users\Husnain\Desktop\cart crud\venv\Lib\site-packages\starlette\routing.py", line 680, in app
    await route.handle(scope, receive, send)
  File "C:\Users\Husnain\Desktop\cart crud\venv\Lib\site-packages\starlette\routing.py", line 276, in handle
    await self.app(scope, receive, send)
  File "C:\Users\Husnain\Desktop\cart crud\venv\Lib\site-packages\fastapi\routing.py", line 134, in app
    await wrap_app_handling_exceptions(app, request)(scope, receive, send)
  File "C:\Users\Husnain\Desktop\cart crud\venv\Lib\site-packages\starlette\_exception_handler.py", line 53, in wrapped_app
    raise exc
  File "C:\Users\Husnain\Desktop\cart crud\venv\Lib\site-packages\starlette\_exception_handler.py", line 42, in wrapped_app
    await app(scope, receive, sender)
  File "C:\Users\Husnain\Desktop\cart crud\venv\Lib\site-packages\fastapi\routing.py", line 120, in app
    response = await f(request)
               ^^^^^^^^^^^^^^^^
  File "C:\Users\Husnain\Desktop\cart crud\venv\Lib\site-packages\fastapi\routing.py", line 674, in app
    raw_response = await run_endpoint_function(
                   ^^^^^^^^^^^^^^^^^^^^^^^^^^^^
    ...<3 lines>...
    )
    ^
  File "C:\Users\Husnain\Desktop\cart crud\venv\Lib\site-packages\fastapi\routing.py", line 330, in run_endpoint_function
    return await run_in_threadpool(dependant.call, **values)
           ^^^^^^^^^^^^^^^^^^^^^^^^^^^^^^^^^^^^^^^^^^^^^^^^^
  File "C:\Users\Husnain\Desktop\cart crud\venv\Lib\site-packages\starlette\concurrency.py", line 32, in run_in_threadpool
    return await anyio.to_thread.run_sync(func)
           ^^^^^^^^^^^^^^^^^^^^^^^^^^^^^^^^^^^^
  File "C:\Users\Husnain\Desktop\cart crud\venv\Lib\site-packages\anyio\to_thread.py", line 63, in run_sync
    return await get_async_backend().run_sync_in_worker_thread(
           ^^^^^^^^^^^^^^^^^^^^^^^^^^^^^^^^^^^^^^^^^^^^^^^^^^^^
        func, args, abandon_on_cancel=abandon_on_cancel, limiter=limiter
        ^^^^^^^^^^^^^^^^^^^^^^^^^^^^^^^^^^^^^^^^^^^^^^^^^^^^^^^^^^^^^^^^
    )
    ^
  File "C:\Users\Husnain\Desktop\cart crud\venv\Lib\site-packages\anyio\_backends\_asyncio.py", line 2518, in run_sync_in_worker_thread
    return await future
           ^^^^^^^^^^^^
  File "C:\Users\Husnain\Desktop\cart crud\venv\Lib\site-packages\anyio\_backends\_asyncio.py", line 1002, in run
    result = context.run(func, *args)
  File "C:\Users\Husnain\Desktop\cart crud\app\api\v1\user_router.py", line 92, in get_user_cart
    return service.get_cart_by_user(user_id)
           ~~~~~~~~~~~~~~~~~~~~~~~~^^^^^^^^^
  File "C:\Users\Husnain\Desktop\cart crud\app\services\cart_service.py", line 81, in get_cart_by_user
    cart = self.repo.get_cart_by_user_id(user_id)
  File "C:\Users\Husnain\Desktop\cart crud\app\repositories\cart_repository.py", line 56, in get_cart_by_user_id
    .first()
     ~~~~~^^
  File "C:\Users\Husnain\Desktop\cart crud\venv\Lib\site-packages\sqlalchemy\orm\query.py", line 2766, in first
    return self.limit(1)._iter().first()  # type: ignore
           ~~~~~~~~~~~~~~~~~~~^^
  File "C:\Users\Husnain\Desktop\cart crud\venv\Lib\site-packages\sqlalchemy\orm\query.py", line 2864, in _iter
    result: Union[ScalarResult[_T], Result[_T]] = self.session.execute(
                                                  ~~~~~~~~~~~~~~~~~~~~^
        statement,
        ^^^^^^^^^^
        params,
        ^^^^^^^
        execution_options={"_sa_orm_load_options": self.load_options},
        ^^^^^^^^^^^^^^^^^^^^^^^^^^^^^^^^^^^^^^^^^^^^^^^^^^^^^^^^^^^^^^
    )
    ^
  File "C:\Users\Husnain\Desktop\cart crud\venv\Lib\site-packages\sqlalchemy\orm\session.py", line 2372, in execute
    return self._execute_internal(
           ~~~~~~~~~~~~~~~~~~~~~~^
        statement,
        ^^^^^^^^^^
    ...<4 lines>...
        _add_event=_add_event,
        ^^^^^^^^^^^^^^^^^^^^^^
    )
    ^
  File "C:\Users\Husnain\Desktop\cart crud\venv\Lib\site-packages\sqlalchemy\orm\session.py", line 2270, in _execute_internal
    result: Result[Any] = compile_state_cls.orm_execute_statement(
                          ~~~~~~~~~~~~~~~~~~~~~~~~~~~~~~~~~~~~~~~^
        self,
        ^^^^^
    ...<4 lines>...
        conn,
        ^^^^^
    )
    ^
  File "C:\Users\Husnain\Desktop\cart crud\venv\Lib\site-packages\sqlalchemy\orm\context.py", line 306, in orm_execute_statement
    result = conn.execute(
        statement, params or {}, execution_options=execution_options
    )
  File "C:\Users\Husnain\Desktop\cart crud\venv\Lib\site-packages\sqlalchemy\engine\base.py", line 1421, in execute
    return meth(
        self,
        distilled_parameters,
        execution_options or NO_OPTIONS,
    )
  File "C:\Users\Husnain\Desktop\cart crud\venv\Lib\site-packages\sqlalchemy\sql\elements.py", line 526, in _execute_on_connection
    return connection._execute_clauseelement(
           ~~~~~~~~~~~~~~~~~~~~~~~~~~~~~~~~~^
        self, distilled_params, execution_options
        ^^^^^^^^^^^^^^^^^^^^^^^^^^^^^^^^^^^^^^^^^
    )
    ^
  File "C:\Users\Husnain\Desktop\cart crud\venv\Lib\site-packages\sqlalchemy\engine\base.py", line 1643, in _execute_clauseelement
    ret = self._execute_context(
        dialect,
    ...<8 lines>...
        cache_hit=cache_hit,
    )
  File "C:\Users\Husnain\Desktop\cart crud\venv\Lib\site-packages\sqlalchemy\engine\base.py", line 1848, in _execute_context
    return self._exec_single_context(
           ~~~~~~~~~~~~~~~~~~~~~~~~~^
        dialect, context, statement, parameters
        ^^^^^^^^^^^^^^^^^^^^^^^^^^^^^^^^^^^^^^^
    )
    ^
  File "C:\Users\Husnain\Desktop\cart crud\venv\Lib\site-packages\sqlalchemy\engine\base.py", line 1988, in _exec_single_context
    self._handle_dbapi_exception(
    ~~~~~~~~~~~~~~~~~~~~~~~~~~~~^
        e, str_statement, effective_parameters, cursor, context
        ^^^^^^^^^^^^^^^^^^^^^^^^^^^^^^^^^^^^^^^^^^^^^^^^^^^^^^^
    )
    ^
  File "C:\Users\Husnain\Desktop\cart crud\venv\Lib\site-packages\sqlalchemy\engine\base.py", line 2365, in _handle_dbapi_exception
    raise sqlalchemy_exception.with_traceback(exc_info[2]) from e
  File "C:\Users\Husnain\Desktop\cart crud\venv\Lib\site-packages\sqlalchemy\engine\base.py", line 1969, in _exec_single_context
    self.dialect.do_execute(
    ~~~~~~~~~~~~~~~~~~~~~~~^
        cursor, str_statement, effective_parameters, context
        ^^^^^^^^^^^^^^^^^^^^^^^^^^^^^^^^^^^^^^^^^^^^^^^^^^^^
    )
    ^
  File "C:\Users\Husnain\Desktop\cart crud\venv\Lib\site-packages\sqlalchemy\engine\default.py", line 952, in do_execute
    cursor.execute(statement, parameters)
    ~~~~~~~~~~~~~~^^^^^^^^^^^^^^^^^^^^^^^
  File "C:\Users\Husnain\Desktop\cart crud\venv\Lib\site-packages\pymysql\cursors.py", line 159, in execute
    result = self._query(query)
  File "C:\Users\Husnain\Desktop\cart crud\venv\Lib\site-packages\pymysql\cursors.py", line 330, in _query
    conn.query(q)
    ~~~~~~~~~~^^^
  File "C:\Users\Husnain\Desktop\cart crud\venv\Lib\site-packages\pymysql\connections.py", line 582, in query
    self._affected_rows = self._read_query_result(unbuffered=unbuffered)
                          ~~~~~~~~~~~~~~~~~~~~~~~^^^^^^^^^^^^^^^^^^^^^^^
  File "C:\Users\Husnain\Desktop\cart crud\venv\Lib\site-packages\pymysql\connections.py", line 847, in _read_query_result
    result.read()
    ~~~~~~~~~~~^^
  File "C:\Users\Husnain\Desktop\cart crud\venv\Lib\site-packages\pymysql\connections.py", line 1245, in read
    first_packet = self.connection._read_packet()
  File "C:\Users\Husnain\Desktop\cart crud\venv\Lib\site-packages\pymysql\connections.py", line 803, in _read_packet
    packet.raise_for_error()
    ~~~~~~~~~~~~~~~~~~~~~~^^
  File "C:\Users\Husnain\Desktop\cart crud\venv\Lib\site-packages\pymysql\protocol.py", line 219, in raise_for_error
    err.raise_mysql_exception(self._data)
    ~~~~~~~~~~~~~~~~~~~~~~~~~^^^^^^^^^^^^
  File "C:\Users\Husnain\Desktop\cart crud\venv\Lib\site-packages\pymysql\err.py", line 154, in raise_mysql_exception
    raise errorclass(errno, errval, sqlstate=sqlstate)
sqlalchemy.exc.OperationalError: (pymysql.err.OperationalError) (1054, "Unknown column 'carts.status' in 'field list'")
[SQL: SELECT anon_1.carts_id AS anon_1_carts_id, anon_1.carts_user_id AS anon_1_carts_user_id, anon_1.carts_discount AS anon_1_carts_discount, anon_1.carts_status AS anon_1_carts_status, users_1.id AS users_1_id, users_1.email AS users_1_email, users_1.password_hash AS users_1_password_hash, users_1.name AS users_1_name, products_1.id AS products_1_id, products_1.name AS products_1_name, products_1.description AS products_1_description, products_1.brand AS products_1_brand, product_variants_1.id AS product_variants_1_id, product_variants_1.product_id AS product_variants_1_product_id, product_variants_1.sku AS product_variants_1_sku, product_variants_1.price AS product_variants_1_price, product_variants_1.currency AS product_variants_1_currency, product_variants_1.inventory_qty AS product_variants_1_inventory_qty, cart_items_1.id AS cart_items_1_id, cart_items_1.cart_id AS cart_items_1_cart_id, cart_items_1.product_variant_id AS cart_items_1_product_variant_id, cart_items_1.quantity AS cart_items_1_quantity, cart_items_1.unit_price AS cart_items_1_unit_price, cart_items_1.currency AS cart_items_1_currency 
FROM (SELECT carts.id AS carts_id, carts.user_id AS carts_user_id, carts.discount AS carts_discount, carts.status AS carts_status 
FROM carts 
WHERE carts.user_id = %(user_id_1)s AND carts.status = %(status_1)s 
 LIMIT %(param_1)s) AS anon_1 LEFT OUTER JOIN users AS users_1 ON users_1.id = anon_1.carts_user_id LEFT OUTER JOIN cart_items AS cart_items_1 ON anon_1.carts_id = cart_items_1.cart_id LEFT OUTER JOIN product_variants AS product_variants_1 ON product_variants_1.id = cart_items_1.product_variant_id LEFT OUTER JOIN products AS products_1 ON products_1.id = product_variants_1.product_id]
[parameters: {'user_id_1': 1, 'status_1': <CartStatus.ACTIVE: 'ACTIVE'>, 'param_1': 1}]
(Background on this error at: https://sqlalche.me/e/20/e3q8)
2026-06-03 19:35:10 | INFO | app.main | Database tables verified/created
2026-06-03 19:35:10 | INFO | app.main | EcommerceCartAPI v1.0.0 started
2026-06-03 19:35:14 | INFO | app.middleware.logging_middleware | --> REQUEST  POST /api/v1/carts/
2026-06-03 19:35:14 | INFO | app.services.cart_service | Creating cart for user_id=1
2026-06-03 19:35:14 | INFO | app.repositories.cart_repository | Cart created | cart_id=3 user_id=1
2026-06-03 19:35:14 | INFO | app.middleware.logging_middleware | <-- RESPONSE POST /api/v1/carts/ status=201 duration=43.75ms
2026-06-03 19:35:14 | INFO | app.middleware.logging_middleware | --> REQUEST  GET /api/v1/carts/3
2026-06-03 19:35:14 | INFO | app.middleware.logging_middleware | <-- RESPONSE GET /api/v1/carts/3 status=200 duration=3.92ms
2026-06-03 19:35:14 | INFO | app.middleware.logging_middleware | --> REQUEST  POST /api/v1/carts/3/items
2026-06-03 19:35:14 | INFO | app.repositories.cart_repository | Item added | cart_id=3 variant_id=1 qty=2
2026-06-03 19:35:14 | INFO | app.middleware.logging_middleware | <-- RESPONSE POST /api/v1/carts/3/items status=201 duration=13.95ms
2026-06-03 19:35:14 | INFO | app.middleware.logging_middleware | --> REQUEST  POST /api/v1/users/
2026-06-03 19:35:14 | WARNING | app.exceptions.handlers | User with email=hasni@gmail.com already exists
2026-06-03 19:35:14 | INFO | app.middleware.logging_middleware | <-- RESPONSE POST /api/v1/users/ status=409 duration=4.23ms
2026-06-03 19:35:14 | INFO | app.middleware.logging_middleware | --> REQUEST  POST /api/v1/products/1/variants
2026-06-03 19:35:14 | WARNING | app.exceptions.handlers | Variant with SKU=NIKE-RUN-42 already exists
2026-06-03 19:35:14 | INFO | app.middleware.logging_middleware | <-- RESPONSE POST /api/v1/products/1/variants status=409 duration=28.85ms
2026-06-03 19:35:14 | INFO | app.middleware.logging_middleware | --> REQUEST  GET /api/v1/users/999
2026-06-03 19:35:14 | WARNING | app.exceptions.handlers | User with id=999 not found
2026-06-03 19:35:14 | INFO | app.middleware.logging_middleware | <-- RESPONSE GET /api/v1/users/999 status=404 duration=6.43ms
2026-06-03 19:35:14 | INFO | app.middleware.logging_middleware | --> REQUEST  GET /api/v1/users/1/cart
2026-06-03 19:35:15 | INFO | app.middleware.logging_middleware | <-- RESPONSE GET /api/v1/users/1/cart status=200 duration=7.86ms
2026-06-03 19:37:37 | INFO | app.main | Database tables verified/created
2026-06-03 19:37:37 | INFO | app.main | EcommerceCartAPI v1.0.0 started
2026-06-03 19:38:33 | INFO | app.main | Database tables verified/created
2026-06-03 19:38:33 | INFO | app.main | EcommerceCartAPI v1.0.0 started
2026-06-03 19:38:34 | INFO | app.main | Database tables verified/created
2026-06-03 19:38:34 | INFO | app.main | EcommerceCartAPI v1.0.0 started
2026-06-03 19:38:51 | INFO | app.middleware.logging_middleware | --> REQUEST  GET /docs
2026-06-03 19:38:51 | INFO | app.middleware.logging_middleware | <-- RESPONSE GET /docs status=200 duration=0.66ms
2026-06-03 19:38:51 | INFO | app.middleware.logging_middleware | --> REQUEST  GET /openapi.json
2026-06-03 19:38:51 | INFO | app.middleware.logging_middleware | <-- RESPONSE GET /openapi.json status=200 duration=49.14ms
2026-06-03 19:39:08 | INFO | app.middleware.logging_middleware | --> REQUEST  GET /
2026-06-03 19:39:08 | INFO | app.middleware.logging_middleware | <-- RESPONSE GET / status=200 duration=4.4ms
2026-06-03 19:39:08 | INFO | app.middleware.logging_middleware | --> REQUEST  GET /favicon.ico
2026-06-03 19:39:08 | INFO | app.middleware.logging_middleware | <-- RESPONSE GET /favicon.ico status=404 duration=2.14ms
2026-06-03 19:41:17 | INFO | app.main | Database tables verified/created
2026-06-03 19:41:17 | INFO | app.main | CartAPI v1.0.0 started
2026-06-03 19:41:24 | INFO | app.middleware.logging_middleware | --> REQUEST  GET /
2026-06-03 19:41:24 | INFO | app.middleware.logging_middleware | <-- RESPONSE GET / status=200 duration=2.7ms
2026-06-03 19:41:32 | INFO | app.middleware.logging_middleware | --> REQUEST  GET /docs
2026-06-03 19:41:32 | INFO | app.middleware.logging_middleware | <-- RESPONSE GET /docs status=200 duration=0.62ms
2026-06-03 19:41:32 | INFO | app.middleware.logging_middleware | --> REQUEST  GET /openapi.json
2026-06-03 19:41:32 | INFO | app.middleware.logging_middleware | <-- RESPONSE GET /openapi.json status=200 duration=27.78ms
2026-06-03 19:41:58 | INFO | app.middleware.logging_middleware | --> REQUEST  POST /api/v1/carts/
2026-06-03 19:41:58 | INFO | app.services.cart_service | Creating cart for user_id=1
2026-06-03 19:41:58 | INFO | app.repositories.cart_repository | Cart created | cart_id=4 user_id=1
2026-06-03 19:41:58 | INFO | app.middleware.logging_middleware | <-- RESPONSE POST /api/v1/carts/ status=201 duration=44.31ms
2026-06-03 19:46:09 | INFO | app.middleware.logging_middleware | --> REQUEST  GET /docs
2026-06-03 19:46:09 | INFO | app.middleware.logging_middleware | <-- RESPONSE GET /docs status=200 duration=1.78ms
2026-06-03 19:46:09 | INFO | app.middleware.logging_middleware | --> REQUEST  GET /openapi.json
2026-06-03 19:46:09 | INFO | app.middleware.logging_middleware | <-- RESPONSE GET /openapi.json status=200 duration=1.37ms
2026-06-03 19:46:10 | INFO | app.middleware.logging_middleware | --> REQUEST  GET /
2026-06-03 19:46:10 | INFO | app.middleware.logging_middleware | <-- RESPONSE GET / status=200 duration=1.63ms
2026-06-03 19:46:28 | INFO | app.middleware.logging_middleware | --> REQUEST  GET /docs
2026-06-03 19:46:28 | INFO | app.middleware.logging_middleware | <-- RESPONSE GET /docs status=200 duration=0.43ms
2026-06-03 19:46:28 | INFO | app.middleware.logging_middleware | --> REQUEST  GET /openapi.json
2026-06-03 19:46:28 | INFO | app.middleware.logging_middleware | <-- RESPONSE GET /openapi.json status=200 duration=0.97ms
2026-06-03 19:47:00 | INFO | app.middleware.logging_middleware | --> REQUEST  GET /api/v1/carts
2026-06-03 19:47:00 | INFO | app.middleware.logging_middleware | <-- RESPONSE GET /api/v1/carts status=307 duration=0.46ms
2026-06-03 19:47:00 | INFO | app.middleware.logging_middleware | --> REQUEST  GET /api/v1/carts/
2026-06-03 19:47:00 | INFO | app.middleware.logging_middleware | <-- RESPONSE GET /api/v1/carts/ status=405 duration=0.38ms
2026-06-03 19:47:13 | INFO | app.middleware.logging_middleware | --> REQUEST  POST /api/v1/carts
2026-06-03 19:47:13 | INFO | app.middleware.logging_middleware | <-- RESPONSE POST /api/v1/carts status=307 duration=1.0ms
2026-06-03 19:47:13 | INFO | app.middleware.logging_middleware | --> REQUEST  POST /api/v1/carts/
2026-06-03 19:47:13 | INFO | app.middleware.logging_middleware | <-- RESPONSE POST /api/v1/carts/ status=422 duration=2.17ms
2026-06-03 19:47:27 | INFO | app.middleware.logging_middleware | --> REQUEST  POST /api/v1/carts
2026-06-03 19:47:27 | INFO | app.middleware.logging_middleware | <-- RESPONSE POST /api/v1/carts status=307 duration=1.02ms
2026-06-03 19:47:27 | INFO | app.middleware.logging_middleware | --> REQUEST  POST /api/v1/carts/
2026-06-03 19:47:27 | INFO | app.middleware.logging_middleware | <-- RESPONSE POST /api/v1/carts/ status=422 duration=1.53ms
2026-06-03 19:47:49 | INFO | app.middleware.logging_middleware | --> REQUEST  POST /api/v1/carts/
2026-06-03 19:47:49 | INFO | app.services.cart_service | Creating cart for user_id=1
2026-06-03 19:47:49 | INFO | app.repositories.cart_repository | Cart created | cart_id=5 user_id=1
2026-06-03 19:47:49 | INFO | app.middleware.logging_middleware | <-- RESPONSE POST /api/v1/carts/ status=201 duration=33.68ms
2026-06-03 19:48:06 | INFO | app.middleware.logging_middleware | --> REQUEST  GET /api/v1/users/1
2026-06-03 19:48:06 | INFO | app.middleware.logging_middleware | <-- RESPONSE GET /api/v1/users/1 status=200 duration=13.05ms
2026-06-03 19:48:45 | INFO | app.middleware.logging_middleware | --> REQUEST  POST /api/v1/carts/
2026-06-03 19:48:45 | INFO | app.services.cart_service | Creating cart for user_id=2
2026-06-03 19:48:45 | INFO | app.repositories.cart_repository | Cart created | cart_id=6 user_id=2
2026-06-03 19:48:45 | INFO | app.middleware.logging_middleware | <-- RESPONSE POST /api/v1/carts/ status=201 duration=39.23ms
2026-06-03 19:48:51 | INFO | app.middleware.logging_middleware | --> REQUEST  GET /api/v1/users/2
2026-06-03 19:48:51 | INFO | app.middleware.logging_middleware | <-- RESPONSE GET /api/v1/users/2 status=200 duration=2.66ms
2026-06-03 19:58:02 | INFO | app.middleware.logging_middleware | --> REQUEST  GET /
2026-06-03 19:58:02 | INFO | app.middleware.logging_middleware | <-- RESPONSE GET / status=200 duration=2.75ms
2026-06-03 19:58:02 | INFO | app.middleware.logging_middleware | --> REQUEST  GET /favicon.ico
2026-06-03 19:58:02 | INFO | app.middleware.logging_middleware | <-- RESPONSE GET /favicon.ico status=404 duration=1.7ms
2026-06-03 20:01:38 | INFO | app.middleware.logging_middleware | --> REQUEST  GET /docs
2026-06-03 20:01:38 | INFO | app.middleware.logging_middleware | <-- RESPONSE GET /docs status=200 duration=1.46ms
2026-06-03 20:01:38 | INFO | app.middleware.logging_middleware | --> REQUEST  GET /openapi.json
2026-06-03 20:01:38 | INFO | app.middleware.logging_middleware | <-- RESPONSE GET /openapi.json status=200 duration=1.61ms
